-------------------------------------------------------------------------------
Test set: com.yym.springboot.sfjson.MyTest
-------------------------------------------------------------------------------
Tests run: 4, Failures: 0, Errors: 1, Skipped: 0, Time elapsed: 0.561 s <<< FAILURE! - in com.yym.springboot.sfjson.MyTest
test3(com.yym.springboot.sfjson.MyTest)  Time elapsed: 0.16 s  <<< ERROR!
java.lang.ClassCastException: net.sf.ezmorph.bean.MorphDynaBean cannot be cast to com.yym.springboot.sfjson.entity.User
	at com.yym.springboot.sfjson.MyTest.test3(MyTest.java:69)

