<?xml version="1.0" encoding="UTF-8"?>
<testsuite xmlns:xsi="http://www.w3.org/2001/XMLSchema-instance" xsi:noNamespaceSchemaLocation="https://maven.apache.org/surefire/maven-surefire-plugin/xsd/surefire-test-report.xsd" name="com.yym.springboot.sfjson.MyTest" time="0.561" tests="4" errors="1" skipped="0" failures="0">
  <properties>
[...]
</properties>
  <testcase name="test1" classname="com.yym.springboot.sfjson.MyTest" time="0.243"/>
  <testcase name="test2" classname="com.yym.springboot.sfjson.MyTest" time="0.001"/>
  <testcase name="test3" classname="com.yym.springboot.sfjson.MyTest" time="0.16">
    <error message="net.sf.ezmorph.bean.MorphDynaBean cannot be cast to com.yym.springboot.sfjson.entity.User" type="java.lang.ClassCastException">java.lang.ClassCastException: net.sf.ezmorph.bean.MorphDynaBean cannot be cast to com.yym.springboot.sfjson.entity.User
	at com.yym.springboot.sfjson.MyTest.test3(MyTest.java:69)
</error>
    <system-out><![CDATA[user = User(name=hello, age=20)
11:31:22.736 [main] DEBUG org.apache.commons.beanutils.converters.BooleanConverter - Setting default value: false
11:31:22.740 [main] DEBUG org.apache.commons.beanutils.converters.BooleanConverter - Converting 'Boolean' value 'false' to type 'Boolean'
11:31:22.740 [main] DEBUG org.apache.commons.beanutils.converters.BooleanConverter -     No conversion required, value is already a Boolean
11:31:22.743 [main] DEBUG org.apache.commons.beanutils.converters.ByteConverter - Setting default value: 0
11:31:22.743 [main] DEBUG org.apache.commons.beanutils.converters.ByteConverter - Converting 'Integer' value '0' to type 'Byte'
11:31:22.743 [main] DEBUG org.apache.commons.beanutils.converters.ByteConverter -     Converted to Byte value '0'
11:31:22.745 [main] DEBUG org.apache.commons.beanutils.converters.CharacterConverter - Setting default value:  
11:31:22.746 [main] DEBUG org.apache.commons.beanutils.converters.CharacterConverter - Converting 'Character' value ' ' to type 'Character'
11:31:22.746 [main] DEBUG org.apache.commons.beanutils.converters.CharacterConverter -     No conversion required, value is already a Character
11:31:22.747 [main] DEBUG org.apache.commons.beanutils.converters.DoubleConverter - Setting default value: 0
11:31:22.747 [main] DEBUG org.apache.commons.beanutils.converters.DoubleConverter - Converting 'Integer' value '0' to type 'Double'
11:31:22.747 [main] DEBUG org.apache.commons.beanutils.converters.DoubleConverter -     Converted to Double value '0.0'
11:31:22.749 [main] DEBUG org.apache.commons.beanutils.converters.FloatConverter - Setting default value: 0
11:31:22.750 [main] DEBUG org.apache.commons.beanutils.converters.FloatConverter - Converting 'Integer' value '0' to type 'Float'
11:31:22.750 [main] DEBUG org.apache.commons.beanutils.converters.FloatConverter -     Converted to Float value '0.0'
11:31:22.751 [main] DEBUG org.apache.commons.beanutils.converters.IntegerConverter - Setting default value: 0
11:31:22.752 [main] DEBUG org.apache.commons.beanutils.converters.IntegerConverter - Converting 'Integer' value '0' to type 'Integer'
11:31:22.752 [main] DEBUG org.apache.commons.beanutils.converters.IntegerConverter -     No conversion required, value is already a Integer
11:31:22.754 [main] DEBUG org.apache.commons.beanutils.converters.LongConverter - Setting default value: 0
11:31:22.754 [main] DEBUG org.apache.commons.beanutils.converters.LongConverter - Converting 'Integer' value '0' to type 'Long'
11:31:22.755 [main] DEBUG org.apache.commons.beanutils.converters.LongConverter -     Converted to Long value '0'
11:31:22.757 [main] DEBUG org.apache.commons.beanutils.converters.ShortConverter - Setting default value: 0
11:31:22.757 [main] DEBUG org.apache.commons.beanutils.converters.ShortConverter - Converting 'Integer' value '0' to type 'Short'
11:31:22.757 [main] DEBUG org.apache.commons.beanutils.converters.ShortConverter -     Converted to Short value '0'
11:31:22.759 [main] DEBUG org.apache.commons.beanutils.converters.BigDecimalConverter - Setting default value: 0.0
11:31:22.760 [main] DEBUG org.apache.commons.beanutils.converters.BigDecimalConverter - Converting 'BigDecimal' value '0.0' to type 'BigDecimal'
11:31:22.760 [main] DEBUG org.apache.commons.beanutils.converters.BigDecimalConverter -     No conversion required, value is already a BigDecimal
11:31:22.761 [main] DEBUG org.apache.commons.beanutils.converters.BigIntegerConverter - Setting default value: 0
11:31:22.761 [main] DEBUG org.apache.commons.beanutils.converters.BigIntegerConverter - Converting 'BigInteger' value '0' to type 'BigInteger'
11:31:22.762 [main] DEBUG org.apache.commons.beanutils.converters.BigIntegerConverter -     No conversion required, value is already a BigInteger
11:31:22.762 [main] DEBUG org.apache.commons.beanutils.converters.BooleanConverter - Setting default value: false
11:31:22.762 [main] DEBUG org.apache.commons.beanutils.converters.BooleanConverter - Converting 'Boolean' value 'false' to type 'Boolean'
11:31:22.762 [main] DEBUG org.apache.commons.beanutils.converters.BooleanConverter -     No conversion required, value is already a Boolean
11:31:22.762 [main] DEBUG org.apache.commons.beanutils.converters.ByteConverter - Setting default value: 0
11:31:22.762 [main] DEBUG org.apache.commons.beanutils.converters.ByteConverter - Converting 'Integer' value '0' to type 'Byte'
11:31:22.763 [main] DEBUG org.apache.commons.beanutils.converters.ByteConverter -     Converted to Byte value '0'
11:31:22.763 [main] DEBUG org.apache.commons.beanutils.converters.CharacterConverter - Setting default value:  
11:31:22.763 [main] DEBUG org.apache.commons.beanutils.converters.CharacterConverter - Converting 'Character' value ' ' to type 'Character'
11:31:22.763 [main] DEBUG org.apache.commons.beanutils.converters.CharacterConverter -     No conversion required, value is already a Character
11:31:22.764 [main] DEBUG org.apache.commons.beanutils.converters.DoubleConverter - Setting default value: 0
11:31:22.764 [main] DEBUG org.apache.commons.beanutils.converters.DoubleConverter - Converting 'Integer' value '0' to type 'Double'
11:31:22.764 [main] DEBUG org.apache.commons.beanutils.converters.DoubleConverter -     Converted to Double value '0.0'
11:31:22.765 [main] DEBUG org.apache.commons.beanutils.converters.FloatConverter - Setting default value: 0
11:31:22.769 [main] DEBUG org.apache.commons.beanutils.converters.FloatConverter - Converting 'Integer' value '0' to type 'Float'
11:31:22.770 [main] DEBUG org.apache.commons.beanutils.converters.FloatConverter -     Converted to Float value '0.0'
11:31:22.771 [main] DEBUG org.apache.commons.beanutils.converters.IntegerConverter - Setting default value: 0
11:31:22.771 [main] DEBUG org.apache.commons.beanutils.converters.IntegerConverter - Converting 'Integer' value '0' to type 'Integer'
11:31:22.771 [main] DEBUG org.apache.commons.beanutils.converters.IntegerConverter -     No conversion required, value is already a Integer
11:31:22.772 [main] DEBUG org.apache.commons.beanutils.converters.LongConverter - Setting default value: 0
11:31:22.772 [main] DEBUG org.apache.commons.beanutils.converters.LongConverter - Converting 'Integer' value '0' to type 'Long'
11:31:22.772 [main] DEBUG org.apache.commons.beanutils.converters.LongConverter -     Converted to Long value '0'
11:31:22.772 [main] DEBUG org.apache.commons.beanutils.converters.ShortConverter - Setting default value: 0
11:31:22.772 [main] DEBUG org.apache.commons.beanutils.converters.ShortConverter - Converting 'Integer' value '0' to type 'Short'
11:31:22.772 [main] DEBUG org.apache.commons.beanutils.converters.ShortConverter -     Converted to Short value '0'
11:31:22.776 [main] DEBUG org.apache.commons.beanutils.converters.StringConverter - Setting default value: 
11:31:22.778 [main] DEBUG org.apache.commons.beanutils.converters.StringConverter - Converting 'String' value '' to type 'String'
11:31:22.787 [main] DEBUG org.apache.commons.beanutils.converters.ArrayConverter - Setting default value: [Z@527740a2
11:31:22.787 [main] DEBUG org.apache.commons.beanutils.converters.ArrayConverter - Converting 'boolean[]' value '[Z@527740a2' to type 'boolean[]'
11:31:22.787 [main] DEBUG org.apache.commons.beanutils.converters.ArrayConverter -     No conversion required, value is already a boolean[]
11:31:22.787 [main] DEBUG org.apache.commons.beanutils.converters.ArrayConverter - Setting default value: [B@13a5fe33
11:31:22.787 [main] DEBUG org.apache.commons.beanutils.converters.ArrayConverter - Converting 'byte[]' value '[B@13a5fe33' to type 'byte[]'
11:31:22.787 [main] DEBUG org.apache.commons.beanutils.converters.ArrayConverter -     No conversion required, value is already a byte[]
11:31:22.788 [main] DEBUG org.apache.commons.beanutils.converters.ArrayConverter - Setting default value: [C@3108bc
11:31:22.788 [main] DEBUG org.apache.commons.beanutils.converters.ArrayConverter - Converting 'char[]' value '[C@3108bc' to type 'char[]'
11:31:22.788 [main] DEBUG org.apache.commons.beanutils.converters.ArrayConverter -     No conversion required, value is already a char[]
11:31:22.788 [main] DEBUG org.apache.commons.beanutils.converters.ArrayConverter - Setting default value: [D@370736d9
11:31:22.788 [main] DEBUG org.apache.commons.beanutils.converters.ArrayConverter - Converting 'double[]' value '[D@370736d9' to type 'double[]'
11:31:22.788 [main] DEBUG org.apache.commons.beanutils.converters.ArrayConverter -     No conversion required, value is already a double[]
11:31:22.788 [main] DEBUG org.apache.commons.beanutils.converters.ArrayConverter - Setting default value: [F@5f9d02cb
11:31:22.788 [main] DEBUG org.apache.commons.beanutils.converters.ArrayConverter - Converting 'float[]' value '[F@5f9d02cb' to type 'float[]'
11:31:22.788 [main] DEBUG org.apache.commons.beanutils.converters.ArrayConverter -     No conversion required, value is already a float[]
11:31:22.789 [main] DEBUG org.apache.commons.beanutils.converters.ArrayConverter - Setting default value: [I@63753b6d
11:31:22.789 [main] DEBUG org.apache.commons.beanutils.converters.ArrayConverter - Converting 'int[]' value '[I@63753b6d' to type 'int[]'
11:31:22.789 [main] DEBUG org.apache.commons.beanutils.converters.ArrayConverter -     No conversion required, value is already a int[]
11:31:22.789 [main] DEBUG org.apache.commons.beanutils.converters.ArrayConverter - Setting default value: [J@6b09bb57
11:31:22.789 [main] DEBUG org.apache.commons.beanutils.converters.ArrayConverter - Converting 'long[]' value '[J@6b09bb57' to type 'long[]'
11:31:22.789 [main] DEBUG org.apache.commons.beanutils.converters.ArrayConverter -     No conversion required, value is already a long[]
11:31:22.789 [main] DEBUG org.apache.commons.beanutils.converters.ArrayConverter - Setting default value: [S@6536e911
11:31:22.789 [main] DEBUG org.apache.commons.beanutils.converters.ArrayConverter - Converting 'short[]' value '[S@6536e911' to type 'short[]'
11:31:22.790 [main] DEBUG org.apache.commons.beanutils.converters.ArrayConverter -     No conversion required, value is already a short[]
11:31:22.790 [main] DEBUG org.apache.commons.beanutils.converters.ArrayConverter - Setting default value: [Ljava.math.BigDecimal;@520a3426
11:31:22.791 [main] DEBUG org.apache.commons.beanutils.converters.ArrayConverter - Converting 'BigDecimal[]' value '[Ljava.math.BigDecimal;@520a3426' to type 'BigDecimal[]'
11:31:22.791 [main] DEBUG org.apache.commons.beanutils.converters.ArrayConverter -     No conversion required, value is already a BigDecimal[]
11:31:22.791 [main] DEBUG org.apache.commons.beanutils.converters.ArrayConverter - Setting default value: [Ljava.math.BigInteger;@18eed359
11:31:22.791 [main] DEBUG org.apache.commons.beanutils.converters.ArrayConverter - Converting 'BigInteger[]' value '[Ljava.math.BigInteger;@18eed359' to type 'BigInteger[]'
11:31:22.791 [main] DEBUG org.apache.commons.beanutils.converters.ArrayConverter -     No conversion required, value is already a BigInteger[]
11:31:22.791 [main] DEBUG org.apache.commons.beanutils.converters.ArrayConverter - Setting default value: [Ljava.lang.Boolean;@3e9b1010
11:31:22.792 [main] DEBUG org.apache.commons.beanutils.converters.ArrayConverter - Converting 'Boolean[]' value '[Ljava.lang.Boolean;@3e9b1010' to type 'Boolean[]'
11:31:22.792 [main] DEBUG org.apache.commons.beanutils.converters.ArrayConverter -     No conversion required, value is already a Boolean[]
11:31:22.792 [main] DEBUG org.apache.commons.beanutils.converters.ArrayConverter - Setting default value: [Ljava.lang.Byte;@6c3708b3
11:31:22.792 [main] DEBUG org.apache.commons.beanutils.converters.ArrayConverter - Converting 'Byte[]' value '[Ljava.lang.Byte;@6c3708b3' to type 'Byte[]'
11:31:22.792 [main] DEBUG org.apache.commons.beanutils.converters.ArrayConverter -     No conversion required, value is already a Byte[]
11:31:22.792 [main] DEBUG org.apache.commons.beanutils.converters.ArrayConverter - Setting default value: [Ljava.lang.Character;@6f1fba17
11:31:22.792 [main] DEBUG org.apache.commons.beanutils.converters.ArrayConverter - Converting 'Character[]' value '[Ljava.lang.Character;@6f1fba17' to type 'Character[]'
11:31:22.793 [main] DEBUG org.apache.commons.beanutils.converters.ArrayConverter -     No conversion required, value is already a Character[]
11:31:22.793 [main] DEBUG org.apache.commons.beanutils.converters.ArrayConverter - Setting default value: [Ljava.lang.Double;@185d8b6
11:31:22.793 [main] DEBUG org.apache.commons.beanutils.converters.ArrayConverter - Converting 'Double[]' value '[Ljava.lang.Double;@185d8b6' to type 'Double[]'
11:31:22.793 [main] DEBUG org.apache.commons.beanutils.converters.ArrayConverter -     No conversion required, value is already a Double[]
11:31:22.793 [main] DEBUG org.apache.commons.beanutils.converters.ArrayConverter - Setting default value: [Ljava.lang.Float;@67784306
11:31:22.793 [main] DEBUG org.apache.commons.beanutils.converters.ArrayConverter - Converting 'Float[]' value '[Ljava.lang.Float;@67784306' to type 'Float[]'
11:31:22.793 [main] DEBUG org.apache.commons.beanutils.converters.ArrayConverter -     No conversion required, value is already a Float[]
11:31:22.793 [main] DEBUG org.apache.commons.beanutils.converters.ArrayConverter - Setting default value: [Ljava.lang.Integer;@335eadca
11:31:22.794 [main] DEBUG org.apache.commons.beanutils.converters.ArrayConverter - Converting 'Integer[]' value '[Ljava.lang.Integer;@335eadca' to type 'Integer[]'
11:31:22.794 [main] DEBUG org.apache.commons.beanutils.converters.ArrayConverter -     No conversion required, value is already a Integer[]
11:31:22.794 [main] DEBUG org.apache.commons.beanutils.converters.ArrayConverter - Setting default value: [Ljava.lang.Long;@210366b4
11:31:22.794 [main] DEBUG org.apache.commons.beanutils.converters.ArrayConverter - Converting 'Long[]' value '[Ljava.lang.Long;@210366b4' to type 'Long[]'
11:31:22.794 [main] DEBUG org.apache.commons.beanutils.converters.ArrayConverter -     No conversion required, value is already a Long[]
11:31:22.794 [main] DEBUG org.apache.commons.beanutils.converters.ArrayConverter - Setting default value: [Ljava.lang.Short;@eec5a4a
11:31:22.794 [main] DEBUG org.apache.commons.beanutils.converters.ArrayConverter - Converting 'Short[]' value '[Ljava.lang.Short;@eec5a4a' to type 'Short[]'
11:31:22.794 [main] DEBUG org.apache.commons.beanutils.converters.ArrayConverter -     No conversion required, value is already a Short[]
11:31:22.795 [main] DEBUG org.apache.commons.beanutils.converters.ArrayConverter - Setting default value: [Ljava.lang.String;@2b2948e2
11:31:22.795 [main] DEBUG org.apache.commons.beanutils.converters.ArrayConverter - Converting 'String[]' value '[Ljava.lang.String;@2b2948e2' to type 'String[]'
11:31:22.795 [main] DEBUG org.apache.commons.beanutils.converters.ArrayConverter -     No conversion required, value is already a String[]
11:31:22.795 [main] DEBUG org.apache.commons.beanutils.converters.ArrayConverter - Setting default value: [Ljava.lang.Class;@6ddf90b0
11:31:22.795 [main] DEBUG org.apache.commons.beanutils.converters.ArrayConverter - Converting 'Class[]' value '[Ljava.lang.Class;@6ddf90b0' to type 'Class[]'
11:31:22.795 [main] DEBUG org.apache.commons.beanutils.converters.ArrayConverter -     No conversion required, value is already a Class[]
11:31:22.795 [main] DEBUG org.apache.commons.beanutils.converters.ArrayConverter - Setting default value: [Ljava.util.Date;@57536d79
11:31:22.795 [main] DEBUG org.apache.commons.beanutils.converters.ArrayConverter - Converting 'Date[]' value '[Ljava.util.Date;@57536d79' to type 'Date[]'
11:31:22.795 [main] DEBUG org.apache.commons.beanutils.converters.ArrayConverter -     No conversion required, value is already a Date[]
11:31:22.795 [main] DEBUG org.apache.commons.beanutils.converters.ArrayConverter - Setting default value: [Ljava.util.Calendar;@5a8e6209
11:31:22.795 [main] DEBUG org.apache.commons.beanutils.converters.ArrayConverter - Converting 'Calendar[]' value '[Ljava.util.Calendar;@5a8e6209' to type 'Calendar[]'
11:31:22.795 [main] DEBUG org.apache.commons.beanutils.converters.ArrayConverter -     No conversion required, value is already a Calendar[]
11:31:22.796 [main] DEBUG org.apache.commons.beanutils.converters.ArrayConverter - Setting default value: [Ljava.io.File;@731a74c
11:31:22.797 [main] DEBUG org.apache.commons.beanutils.converters.ArrayConverter - Converting 'java.io.File[]' value '[Ljava.io.File;@731a74c' to type 'java.io.File[]'
11:31:22.797 [main] DEBUG org.apache.commons.beanutils.converters.ArrayConverter -     No conversion required, value is already a java.io.File[]
11:31:22.797 [main] DEBUG org.apache.commons.beanutils.converters.ArrayConverter - Setting default value: [Ljava.sql.Date;@1f28c152
11:31:22.797 [main] DEBUG org.apache.commons.beanutils.converters.ArrayConverter - Converting 'java.sql.Date[]' value '[Ljava.sql.Date;@1f28c152' to type 'java.sql.Date[]'
11:31:22.797 [main] DEBUG org.apache.commons.beanutils.converters.ArrayConverter -     No conversion required, value is already a java.sql.Date[]
11:31:22.797 [main] DEBUG org.apache.commons.beanutils.converters.ArrayConverter - Setting default value: [Ljava.sql.Time;@7791a895
11:31:22.797 [main] DEBUG org.apache.commons.beanutils.converters.ArrayConverter - Converting 'java.sql.Time[]' value '[Ljava.sql.Time;@7791a895' to type 'java.sql.Time[]'
11:31:22.797 [main] DEBUG org.apache.commons.beanutils.converters.ArrayConverter -     No conversion required, value is already a java.sql.Time[]
11:31:22.797 [main] DEBUG org.apache.commons.beanutils.converters.ArrayConverter - Setting default value: [Ljava.sql.Timestamp;@6325a3ee
11:31:22.798 [main] DEBUG org.apache.commons.beanutils.converters.ArrayConverter - Converting 'java.sql.Timestamp[]' value '[Ljava.sql.Timestamp;@6325a3ee' to type 'java.sql.Timestamp[]'
11:31:22.798 [main] DEBUG org.apache.commons.beanutils.converters.ArrayConverter -     No conversion required, value is already a java.sql.Timestamp[]
11:31:22.798 [main] DEBUG org.apache.commons.beanutils.converters.ArrayConverter - Setting default value: [Ljava.net.URL;@67b92f0a
11:31:22.798 [main] DEBUG org.apache.commons.beanutils.converters.ArrayConverter - Converting 'java.net.URL[]' value '[Ljava.net.URL;@67b92f0a' to type 'java.net.URL[]'
11:31:22.798 [main] DEBUG org.apache.commons.beanutils.converters.ArrayConverter -     No conversion required, value is already a java.net.URL[]
jsonObject = {"age":20,"name":"hello"}
11:31:22.848 [main] INFO net.sf.json.JSONObject - Property 'age' of class com.yym.springboot.sfjson.entity.User has no write method. SKIPPED.
11:31:22.848 [main] INFO net.sf.json.JSONObject - Property 'name' of class com.yym.springboot.sfjson.entity.User has no write method. SKIPPED.
user1 = User(name=null, age=null)
]]></system-out>
  </testcase>
  <testcase name="test4" classname="com.yym.springboot.sfjson.MyTest" time="0.003"/>
</testsuite>